
[1m[46m RUN [49m[22m [36mv4.0.15 [39m[90mC:/Users/user/Desktop/arquitectura/apps/base/astro-test[39m


[31mâ¯â¯â¯â¯â¯â¯[39m[1m[41m Failed Suites 1 [49m[22m[31mâ¯â¯â¯â¯â¯â¯â¯[39m

[41m[1m FAIL [22m[49m src/modules/auth/__tests__/auth.e2e.test.ts[2m [ src/modules/auth/__tests__/auth.e2e.test.ts ][22m
[31m[1mError[22m: Failed to resolve import "@modules/users/modules/user.module" from "src/modules/auth/__tests__/auth.e2e.test.ts". Does the file exist?[39m
  Plugin: [35mvite:import-analysis[39m
  File: [36mC:/Users/user/Desktop/arquitectura/apps/base/astro-test/src/modules/auth/__tests__/auth.e2e.test.ts[39m:2:27
[33m  1  |  import { CacheService } from "@infrastructure/providers/cache/cache.service";
  2  |  import { UserModule } from "@modules/users/modules/user.module";
     |                              ^
  3  |  import { ValidationPipe } from "@nestjs/common";
  4  |  import { ConfigModule } from "@nestjs/config";[39m
[90m [2mâ¯[22m TransformPluginContext._formatLog node_modules/.pnpm/vite@7.2.7_@types+node@24.1_408bdebb65a6798ba77a08b825bff185/node_modules/vite/dist/node/chunks/config.js:[2m28998:43[22m[39m
[90m [2mâ¯[22m TransformPluginContext.error node_modules/.pnpm/vite@7.2.7_@types+node@24.1_408bdebb65a6798ba77a08b825bff185/node_modules/vite/dist/node/chunks/config.js:[2m28995:14[22m[39m
[90m [2mâ¯[22m normalizeUrl node_modules/.pnpm/vite@7.2.7_@types+node@24.1_408bdebb65a6798ba77a08b825bff185/node_modules/vite/dist/node/chunks/config.js:[2m27118:18[22m[39m
[90m [2mâ¯[22m node_modules/.pnpm/vite@7.2.7_@types+node@24.1_408bdebb65a6798ba77a08b825bff185/node_modules/vite/dist/node/chunks/config.js:[2m27176:32[22m[39m
[90m [2mâ¯[22m TransformPluginContext.transform node_modules/.pnpm/vite@7.2.7_@types+node@24.1_408bdebb65a6798ba77a08b825bff185/node_modules/vite/dist/node/chunks/config.js:[2m27144:4[22m[39m
[90m [2mâ¯[22m EnvironmentPluginContainer.transform node_modules/.pnpm/vite@7.2.7_@types+node@24.1_408bdebb65a6798ba77a08b825bff185/node_modules/vite/dist/node/chunks/config.js:[2m28796:14[22m[39m
[90m [2mâ¯[22m loadAndTransform node_modules/.pnpm/vite@7.2.7_@types+node@24.1_408bdebb65a6798ba77a08b825bff185/node_modules/vite/dist/node/chunks/config.js:[2m22669:26[22m[39m

[31m[2mâ¯â¯â¯â¯â¯â¯â¯â¯â¯â¯â¯â¯â¯â¯â¯â¯â¯â¯â¯â¯â¯â¯â¯â¯[1/1]â¯[22m[39m


[2m Test Files [22m [1m[31m1 failed[39m[22m[90m (1)[39m
[2m      Tests [22m [2mno tests[22m
[2m   Start at [22m 15:02:13
[2m   Duration [22m 1.89s[2m (transform 30ms, setup 250ms, import 0ms, tests 0ms, environment 1.32s)[22m

